make.exe all --print-data-base --no-builtin-variables --no-builtin-rules --question
make: *** No rule to make target 'all'.  Stop.

# GNU Make 4.3
# Built for x86_64-pc-msys
# Copyright (C) 1988-2020 Free Software Foundation, Inc.
# License GPLv3+: GNU GPL version 3 or later <http://gnu.org/licenses/gpl.html>
# This is free software: you are free to change and redistribute it.
# There is NO WARRANTY, to the extent permitted by law.
 

# Make data base, printed on Sat Jul 23 13:45:36 2022

# Variables

# environment
FPS_BROWSER_APP_PROFILE_STRING = Internet Explorer
# environment
SYSTEMDRIVE = C:
# makefile (from '/opt/devkitpro/devkitARM/base_rules', line 6)
PORTLIBS_PATH := /opt/devkitpro/portlibs
# makefile (from '/opt/devkitpro/devkitARM/base_tools', line 23)
AS := arm-none-eabi-as
# makefile (from 'Makefile', line 111)
OUTPUT := /home/RayaCroissant/Downloads/kirikou3/kirikou3
# environment
LC_ALL = C
# environment
VBOX_HWVIRTEX_IGNORE_SVM_IN_USE = 1
# makefile (from '/opt/devkitpro/devkitARM/base_tools', line 24)
AR := arm-none-eabi-gcc-ar
# makefile (from 'Makefile', line 26)
 
GAME_SUBTITLE1 := PRE-ALPHA
# environment
USERPROFILE = C:\Users\RayaCroissant
# environment
VBOX_MSI_INSTALL_PATH = C:\Program Files\Oracle\VirtualBox\
# environment
CUDA_CACHE_MAXSIZE = 268435456
# environment
TMPDIR = /home/Public/Documents/Wondershare/CreatorTemp
# makefile (from 'Makefile', line 141)
OFILES := soundbank.bin.o  kirikou.o load_map.o main.o update_obj.o 
# environment
LOCALAPPDATA = C:\Users\RayaCroissant\AppData\Local
# makefile (from 'Makefile', line 120)
CFILES := kirikou.c load_map.c main.c update_obj.c
# makefile (from 'Makefile', line 113)
VPATH := /home/RayaCroissant/Downloads/kirikou3/source /home/RayaCroissant/Downloads/kirikou3/data
# environment
VSCODE_CWD = C:\Users\RayaCroissant\AppData\Local\Programs\Microsoft VS Code
# environment
CHOCOLATEYINSTALL = C:\ProgramData\chocolatey
# environment
SYSTEMROOT = C:\WINDOWS
# makefile (from 'Makefile', line 94)
LIBS := -lnflib -lfilesystem -lfat -lnds9 -lmm9
# makefile (from '/opt/devkitpro/devkitARM/base_tools', line 43)
SILENTMSG := @echo
# makefile (from 'Makefile', line 125)
AUDIOFILES := /home/RayaCroissant/Downloads/kirikou3/audio/baise.xm /home/RayaCroissant/Downloads/kirikou3/audio/be01.wav /home/RayaCroissant/Downloads/kirikou3/audio/be02.wav /home/RayaCroissant/Downloads/kirikou3/audio/be03.wav /home/RayaCroissant/Downloads/kirikou3/audio/be04.wav /home/RayaCroissant/Downloads/kirikou3/audio/be05.wav
# environment
PROCESSOR_LEVEL = 23
# environment
PSMODULEPATH = C:\Program Files\WindowsPowerShell\Modules;C:\WINDOWS\system32\WindowsPowerShell\v1.0\Modules
# default
MAKE_COMMAND := make
# makefile (from 'Makefile', line 118)
NITRO_FILES := /home/RayaCroissant/Downloads/kirikou3/nitrofiles
# automatic
@D = $(patsubst %/,%,$(dir $@))
# environment
CHROME_CRASHPAD_PIPE_NAME = \\.\pipe\crashpad_10700_AHJJKMKQBCVQOWDJ
# makefile (from 'Makefile', line 121)
CPPFILES := 
# environment
FPS_BROWSER_USER_PROFILE_STRING = Default
# environment
VSCODE_HANDLES_UNCAUGHT_ERRORS = true
# default
.VARIABLES := 
# automatic
%D = $(patsubst %/,%,$(dir $%))
# automatic
^D = $(patsubst %/,%,$(dir $^))
# automatic
%F = $(notdir $%)
# environment
VSCODE_CODE_CACHE_PATH = C:\Users\RayaCroissant\AppData\Roaming\Code\CachedData\b06ae3b2d2dbfe28bca3134cc6be65935cdfea6a
# makefile (from 'Makefile', line 23)
LIBNDS := /opt/devkitpro/libnds
# environment
LANG = C
# default
.LOADED := 
# environment
TMP = /home/RAYACR~1/AppData/Local/Temp
# environment
VRAY30_RT_FOR_3DSMAX2018_MAIN_X64 = C:\Program Files\Chaos Group\V-Ray\RT for 3ds Max 2018 for x64/bin
# default
.INCLUDE_DIRS = /usr/include /usr/include
# makefile
MAKEFLAGS = pqrR
# makefile (from 'Makefile', line 122)
SFILES := 
# environment
INTEL_DEV_REDIST = C:\Program Files (x86)\Common Files\Intel\Shared Libraries\
# environment
ONEDRIVE = C:\Users\RayaCroissant\OneDrive
# environment
DEVKITARM = /opt/devkitpro/devkitARM
# makefile
CURDIR := /home/RayaCroissant/Downloads/kirikou3
# environment
APPLICATION_INSIGHTS_NO_DIAGNOSTIC_CHANNEL = 1
# automatic
*D = $(patsubst %/,%,$(dir $*))
# makefile (from 'Makefile', line 116)
DEPSDIR := /home/RayaCroissant/Downloads/kirikou3/build
# environment
PROGRAMFILES = C:\Program Files
# environment
MFLAGS = -pqrR
# default
.SHELLFLAGS := -c
# environment
!C: = c:\Users\RayaCroissant\Downloads\kirikou3
# environment
COMMONPROGRAMW6432 = C:\Program Files\Common Files
# automatic
+D = $(patsubst %/,%,$(dir $+))
# makefile (from '/opt/devkitpro/devkitARM/base_tools', line 1)
MAKEFILE_LIST := Makefile /opt/devkitpro/devkitARM/base_rules /opt/devkitpro/devkitARM/base_tools
# makefile (from 'Makefile', line 88)
ASFLAGS := -g -mthumb -mthumb-interwork
# automatic
@F = $(notdir $@)
# environment
VSCODE_PID = 10700
# automatic
?D = $(patsubst %/,%,$(dir $?))
# makefile (from '/opt/devkitpro/devkitARM/base_tools', line 28)
RANLIB := arm-none-eabi-gcc-ranlib
# environment
DEVKITPPC = /opt/devkitpro/devkitPPC
# makefile (from 'Makefile', line 70)
INCLUDES := include
# makefile (from 'Makefile', line 150)
icons := icon.bmp
# automatic
*F = $(notdir $*)
# makefile (from 'Makefile', line 72)
NITRODATA := nitrofiles
# automatic
<D = $(patsubst %/,%,$(dir $<))
# makefile (from 'Makefile', line 156)
GAME_ICON := /home/RayaCroissant/Downloads/kirikou3/icon.bmp
# environment
VSCODE_NLS_CONFIG = {"locale":"en-us","availableLanguages":{},"_languagePackSupport":true}
# makefile (from 'Makefile', line 144)
INCLUDE := -iquote /home/RayaCroissant/Downloads/kirikou3/include -I/opt/devkitpro/libnds/include -I/home/RayaCroissant/Downloads/kirikou3/nflib/include -I/home/RayaCroissant/Downloads/kirikou3/build
# environment
VRAY_OSL_PATH_3DSMAX2018_X64 = C:\Program Files\Chaos Group\V-Ray\3dsmax 2018 for x64\opensl
# default
MAKE_HOST := x86_64-pc-msys
# environment
PROGRAMDATA = C:\ProgramData
# default
SHELL := /bin/sh
# environment
HOMEPATH = \Users\RayaCroissant
# default
MAKECMDGOALS := all
# environment
DRIVERDATA = C:\Windows\System32\Drivers\DriverData
# environment
COMSPEC = C:\WINDOWS\system32\cmd.exe
# environment
WINDIR = C:\WINDOWS
# makefile (from 'Makefile', line 123)
BINFILES :=  soundbank.bin
# environment
MAKELEVEL := 0
# makefile (from 'Makefile', line 148)
LIBPATHS := -L/opt/devkitpro/libnds/lib -L/home/RayaCroissant/Downloads/kirikou3/nflib/lib
# default
MAKE = $(MAKE_COMMAND)
# makefile (from '/opt/devkitpro/devkitARM/base_tools', line 14)
PATH := /opt/devkitpro/tools/bin:/opt/devkitpro/devkitARM/bin:/c/Program Files (x86)/VMware/VMware Player/bin:/opt/devkitpro/msys2/usr/bin:/c/Program Files/ImageMagick-7.1.0-Q16-HDRI:/c/Program Files/AdoptOpenJDK/jdk-8.0.292.10-hotspot/bin:/c/Program Files (x86)/Common Files/Intel/Shared Libraries/redist/intel64_win/compiler:/c/Program Files (x86)/Common Files/Intel/Shared Libraries/redist/intel64/compiler:/c/ProgramData/Oracle/Java/javapath:/c/Windows/system32:/c/Windows:/c/Windows/System32/Wbem:/c/Windows/System32/WindowsPowerShell/v1.0:/c/Windows/System32/OpenSSH:/c/Program Files (x86)/NVIDIA Corporation/PhysX/Common:/c/Program Files/Common Files/Autodesk Shared:/c/Program Files (x86)/Autodesk/Backburner:/c/Program Files/Microsoft SQL Server/120/Tools/Binn:/c/WINDOWS/system32:/c/WINDOWS:/c/WINDOWS/System32/Wbem:/c/WINDOWS/System32/WindowsPowerShell/v1.0:/c/WINDOWS/System32/OpenSSH:/c/WINDOWS/system32:/c/WINDOWS:/c/WINDOWS/System32/Wbem:/c/WINDOWS/System32/WindowsPowerShell/v1.0:/c/WINDOWS/System32/OpenSSH:/c/Program Files/Git/cmd:/c/Program Files/nodejs:/c/ProgramData/chocolatey/bin:/home/RayaCroissant/AppData/Local/Microsoft/WindowsApps:/home/RayaCroissant/AppData/Local/Programs/Microsoft VS Code/bin:/home/RayaCroissant/AppData/Roaming/npm:/c/Program Files/heroku/bin
# environment
COMPUTERNAME = DESKTOP-RSO69KJ
# environment
 
VRAY_SEND_FEEDBACK = 1
# default
MAKEFILES := 
# automatic
^F = $(notdir $^)
# makefile (from '/opt/devkitpro/devkitARM/base_tools', line 5)
UNAME_R := 3.3.5-341.x86_64
# environment
PROMPT = $P$G
# makefile (from 'Makefile', line 30)
_ADDFILES := -d 
# environment
CHOCOLATEYLASTPATHUPDATE = 132734400014159940
# makefile (from '/opt/devkitpro/devkitARM/base_tools', line 19)
PREFIX := arm-none-eabi-
# makefile (from 'Makefile', line 101)
LIBDIRS := /opt/devkitpro/libnds /home/RayaCroissant/Downloads/kirikou3/nflib
# environment
LOGONSERVER = \\DESKTOP-RSO69KJ
# environment
USERNAME = RayaCroissant
# environment
COMMONPROGRAMFILES = C:\Program Files\Common Files
# environment
ADSK_CLM_WPAD_PROXY_CHECK = FALSE
# automatic
?F = $(notdir $?)
# makefile (from '/opt/devkitpro/devkitARM/base_tools', line 50)
bin2o = 	bin2s -a 4 -H `(echo $(<F) | tr . _)`.h $< | $(AS) -o $(<F).o
# environment
PROGRAMW6432 = C:\Program Files
# environment
DEVKITPRO = /opt/devkitpro
# makefile (from '/opt/devkitpro/devkitARM/base_tools', line 4)
UNAME_S := MSYS_NT-10.0-19041
# environment
PATHEXT = .COM;.EXE;.BAT;.CMD;.VBS;.VBE;.JS;.JSE;.WSF;.WSH;.MSC
# automatic
+F = $(notdir $+)
# environment
ORIGINAL_XDG_CURRENT_DESKTOP = undefined
# environment
USERDOMAIN = DESKTOP-RSO69KJ
# 'override' directive
GNUMAKEFLAGS := 
# environment
OS = Windows_NT
# environment
AMDRMSDKPATH = C:\Program Files\AMD\RyzenMasterSDK\
# makefile (from 'Makefile', line 27)
GAME_SUBTITLE2 := 1
# makefile (from 'Makefile', line 25)
GAME_TITLE := KIRIKOU3
# makefile
.DEFAULT_GOAL := build
# makefile (from 'Makefile', line 78)
ARCH := -mthumb -mthumb-interwork
# default
MAKE_VERSION := 4.3
# 'override' directive
.SHELLSTATUS := 0
# makefile (from '/opt/devkitpro/devkitARM/base_tools', line 44)
SILENTCMD := @
# environment
PROGRAMFILES(X86) = C:\Program Files (x86)
# makefile (from 'Makefile', line 68)
BUILD := build
# makefile (from 'Makefile', line 89)
LDFLAGS = -specs=ds_arm9.specs -g $(ARCH) -Wl,-Map,$(notdir $*.map)
# environment
USERDOMAIN_ROAMINGPROFILE = DESKTOP-RSO69KJ
# environment
NUMBER_OF_PROCESSORS = 16
# makefile (from '/opt/devkitpro/devkitARM/base_tools', line 30)
ISVC = $(or $(VCBUILDHELPER_COMMAND),$(MSBUILDEXTENSIONSPATH32),$(MSBUILDEXTENSIONSPATH))
# environment
PUBLIC = C:\Users\Public
# environment
APPDATA = C:\Users\RayaCroissant\AppData\Roaming
# makefile (from 'Makefile', line 85)
CFLAGS := -g -Wall -O2 -march=armv5te -mtune=arm946e-s -fomit-frame-pointer -ffast-math -mthumb -mthumb-interwork  -DARM9
# environment
HOMEDRIVE = C:
# environment
PROCESSOR_ARCHITECTURE = AMD64
# environment
VSCODE_AMD_ENTRYPOINT = vs/workbench/api/node/extensionHostProcess
# environment
HOME = /home/RayaCroissant
# environment
COMMONPROGRAMFILES(X86) = C:\Program Files (x86)\Common Files
# makefile (from '/opt/devkitpro/devkitARM/base_tools', line 13)
DEVKITPATH = $(shell echo "$(DEVKITPRO)" | sed -e 's/^\([a-zA-Z]\):/\/\1/')
# environment
ELECTRON_RUN_AS_NODE = 1
# environment
TEMP = /home/RAYACR~1/AppData/Local/Temp
# environment
VSCODE_IPC_HOOK = \\.\pipe\00de1b1bc0aee8115e547900592d889e-1.69.1-main-sock
# environment
TERM = xterm-256color
 
# makefile (from '/opt/devkitpro/devkitARM/base_tools', line 27)
NM := arm-none-eabi-gcc-nm
# default
.RECIPEPREFIX := 
# environment
ADSK_3DSMAX_X64_2018 = C:\Program Files\Autodesk\3ds Max 2018\
# automatic
<F = $(notdir $<)
# default
SUFFIXES := 
# environment
ALLUSERSPROFILE = C:\ProgramData
# makefile (from 'Makefile', line 67)
TARGET := kirikou3
# makefile (from 'Makefile', line 132)
LD := arm-none-eabi-gcc
# environment
SESSIONNAME = Console
# makefile (from 'Makefile', line 86)
CXXFLAGS := -g -Wall -O2 -march=armv5te -mtune=arm946e-s -fomit-frame-pointer -ffast-math -mthumb -mthumb-interwork  -DARM9 -fno-rtti -fno-exceptions
# makefile (from '/opt/devkitpro/devkitARM/base_tools', line 26)
STRIP := arm-none-eabi-strip
# default
.FEATURES := target-specific order-only second-expansion else-if shortest-stem undefine oneshell nocomment grouped-target extra-prereqs archives jobserver output-sync check-symlink load
# environment
MIC_LD_LIBRARY_PATH = C:\Program Files (x86)\Common Files\Intel\Shared Libraries\compiler\lib\intel64_win_mic
# environment
PROCESSOR_REVISION = 0802
# makefile (from '/opt/devkitpro/devkitARM/base_tools', line 22)
CXX := arm-none-eabi-g++
# makefile (from '/opt/devkitpro/devkitARM/base_tools', line 21)
CC := arm-none-eabi-gcc
# makefile (from '/opt/devkitpro/devkitARM/base_tools', line 25)
OBJCOPY := arm-none-eabi-objcopy
# makefile (from 'Makefile', line 73)
AUDIO := audio
# makefile (from 'Makefile', line 69)
SOURCES := source
# makefile (from 'Makefile', line 71)
DATA := data
# environment
VRAY_MDL_PATH_3DSMAX2018_X64 = C:\Program Files\Chaos Group\V-Ray\3dsmax 2018 for x64\mdl
# environment
VRAY30_RT_FOR_3DSMAX2018_PLUGINS_X64 = C:\Program Files\Chaos Group\V-Ray\RT for 3ds Max 2018 for x64/bin/plugins
# environment
PROCESSOR_IDENTIFIER = AMD64 Family 23 Model 8 Stepping 2, AuthenticAMD
# variable set hash-table stats:
# Load=162/1024=16%, Rehash=0, Collisions=29/296=10%

# Pattern-specific Variable Values

# No pattern-specific variable values.

# Directories

# audio (device 9037106, inode 88946092640672409): 8 files, no impossibilities.
# /home/RayaCroissant/Downloads/kirikou3/data: could not be stat'd.
# . (device 9037106, inode 19421773393090618): 15 files, no impossibilities.
# source (device 9037106, inode 56294995342235787): 11 files, no impossibilities.
# data: could not be stat'd.
# /home/RayaCroissant/Downloads/kirikou3/source (device 9037106, inode 56294995342235787): 11 files, no impossibilities.

# 45 files, no impossibilities in 6 directories.

# Implicit Rules

%.a:
#  recipe to execute (from '/opt/devkitpro/devkitARM/base_rules', line 12):
	$(SILENTMSG) $(notdir $@)
 
	@rm -f $@
	$(SILENTCMD)$(AR) -rc $@ $^

%.arm.o: %.arm.cpp
#  recipe to execute (from '/opt/devkitpro/devkitARM/base_rules', line 18):
	$(SILENTMSG) $(notdir $<)
	$(SILENTCMD)$(CXX) -MMD -MP -MF $(DEPSDIR)/$*.arm.d $(CXXFLAGS) -marm -c $< -o $@ $(ERROR_FILTER)

%.arm.o: %.arm.c
#  recipe to execute (from '/opt/devkitpro/devkitARM/base_rules', line 23):
	$(SILENTMSG) $(notdir $<)
	$(SILENTCMD)$(CC) -MMD -MP -MF $(DEPSDIR)/$*.arm.d $(CFLAGS) -marm -c $< -o $@ $(ERROR_FILTER)

%.arm.o: %.arm.m
#  recipe to execute (from '/opt/devkitpro/devkitARM/base_rules', line 28):
	$(SILENTMSG) $(notdir $<)
	$(SILENTCMD)$(CC) -MMD -MP -MF $(DEPSDIR)/$*.arm.d $(OBJCFLAGS) -marm -c $< -o $@ $(ERROR_FILTER)

%.thumb.o: %.thumb.cpp
#  recipe to execute (from '/opt/devkitpro/devkitARM/base_rules', line 33):
	$(SILENTMSG) $(notdir $<)
	$(SILENTCMD)$(CXX) -MMD -MP -MF $(DEPSDIR)/$*.thumb.d $(CXXFLAGS) -mthumb -c $< -o $@ $(ERROR_FILTER)

%.thumb.o: %.thumb.c
#  recipe to execute (from '/opt/devkitpro/devkitARM/base_rules', line 38):
	$(SILENTMSG) $(notdir $<)
	$(SILENTCMD)$(CC) -MMD -MP -MF $(DEPSDIR)/$*.thumb.d $(CFLAGS) -mthumb -c $< -o $@ $(ERROR_FILTER)

%.thumb.o: %.thumb.m
#  recipe to execute (from '/opt/devkitpro/devkitARM/base_rules', line 43):
	$(SILENTMSG) $(notdir $<)
	$(SILENTCMD)$(CC) -MMD -MP -MF $(DEPSDIR)/$*.thumb.d $(OBJCFLAGS) -mthumb -c $< -o $@ $(ERROR_FILTER)

%.iwram.o: %.iwram.cpp
#  recipe to execute (from '/opt/devkitpro/devkitARM/base_rules', line 48):
	$(SILENTMSG) $(notdir $<)
	$(SILENTCMD)$(CXX) -MMD -MP -MF $(DEPSDIR)/$*.iwram.d $(CXXFLAGS) -marm -mlong-calls -c $< -o $@ $(ERROR_FILTER)

%.iwram.o: %.iwram.c
#  recipe to execute (from '/opt/devkitpro/devkitARM/base_rules', line 53):
	$(SILENTMSG) $(notdir $<)
	$(SILENTCMD)$(CC) -MMD -MP -MF $(DEPSDIR)/$*.iwram.d $(CFLAGS) -marm -mlong-calls -c $< -o $@ $(ERROR_FILTER)

%.iwram.o: %.iwram.m
#  recipe to execute (from '/opt/devkitpro/devkitARM/base_rules', line 58):
	$(SILENTMSG) $(notdir $<)
	$(SILENTCMD)$(CC) -MMD -MP -MF $(DEPSDIR)/$*.iwram.d $(OBJCFLAGS) -marm -mlong-calls -c $< -o $@ $(ERROR_FILTER)

%.itcm.o: %.itcm.cpp
#  recipe to execute (from '/opt/devkitpro/devkitARM/base_rules', line 63):
	$(SILENTMSG) $(notdir $<)
	$(SILENTCMD)$(CXX) -MMD -MP -MF $(DEPSDIR)/$*.itcm.d $(CXXFLAGS) -marm -mlong-calls -c $< -o $@ $(ERROR_FILTER)

%.itcm.o: %.itcm.c
#  recipe to execute (from '/opt/devkitpro/devkitARM/base_rules', line 68):
	$(SILENTMSG) $(notdir $<)
	$(SILENTCMD)$(CC) -MMD -MP -MF $(DEPSDIR)/$*.itcm.d $(CFLAGS) -marm -mlong-calls -c $< -o $@ $(ERROR_FILTER)

%.itcm.o: %.itcm.m
#  recipe to execute (from '/opt/devkitpro/devkitARM/base_rules', line 73):
	$(SILENTMSG) $(notdir $<)
	$(SILENTCMD)$(CC) -MMD -MP -MF $(DEPSDIR)/$*.itcm.d $(OBJCFLAGS) -marm -mlong-calls -c $< -o $@ $(ERROR_FILTER)

%.o: %.cpp
#  recipe to execute (from '/opt/devkitpro/devkitARM/base_rules', line 79):
	$(SILENTMSG) $(notdir $<)
	$(SILENTCMD)$(CXX) -MMD -MP -MF $(DEPSDIR)/$*.d $(CXXFLAGS) -c $< -o $@ $(ERROR_FILTER)

%.o: %.c
#  recipe to execute (from '/opt/devkitpro/devkitARM/base_rules', line 84):
	$(SILENTMSG) $(notdir $<)
	$(SILENTCMD)$(CC) -MMD -MP -MF $(DEPSDIR)/$*.d $(CFLAGS) -c $< -o $@ $(ERROR_FILTER)

%.o: %.m
#  recipe to execute (from '/opt/devkitpro/devkitARM/base_rules', line 89):
	$(SILENTMSG) $(notdir $<)
	$(SILENTCMD)$(CC) -MMD -MP -MF $(DEPSDIR)/$*.d $(OBJCFLAGS) -c $< -o $@ $(ERROR_FILTER)

%.o: %.s
#  recipe to execute (from '/opt/devkitpro/devkitARM/base_rules', line 94):
	$(SILENTMSG) $(notdir $<)
	$(SILENTCMD)$(CC) -MMD -MP -MF $(DEPSDIR)/$*.d -x assembler-with-cpp $(ASFLAGS) -c $< -o $@ $(ERROR_FILTER)

%.o: %.S
#  recipe to execute (from '/opt/devkitpro/devkitARM/base_rules', line 99):
	$(SILENTMSG) $(notdir $<)
	$(SILENTCMD)$(CC) -MMD -MP -MF $(DEPSDIR)/$*.d -x assembler-with-cpp $(ASFLAGS) -c $< -o $@ $(ERROR_FILTER)

%.nds: %.arm9
#  recipe to execute (from 'Makefile', line 35):
	@ndstool -c $@ -9 $< -b $(GAME_ICON) "$(GAME_TITLE);$(GAME_SUBTITLE1);$(GAME_SUBTITLE2)" $(_ADDFILES)
	@echo built ... $(notdir $@)

%.nds: %.elf
#  recipe to execute (from 'Makefile', line 40):
	@ndstool -c $@ -9 $< -b $(GAME_ICON) "$(GAME_TITLE);$(GAME_SUBTITLE1);$(GAME_SUBTITLE2)" $(_ADDFILES)
	@echo built ... $(notdir $@)

%.arm9: %.elf
#  recipe to execute (from 'Makefile', line 45):
	@$(OBJCOPY) -O binary $< $@
 
	@echo built ... $(notdir $@)

%.arm7: %.elf
#  recipe to execute (from 'Makefile', line 50):
	@$(OBJCOPY) -O binary $< $@
	@echo built ... $(notdir $@)

%.elf:
#  recipe to execute (from 'Makefile', line 55):
	@echo linking $(notdir $@)
	@$(LD)  $(LDFLAGS) $(OFILES) $(LIBPATHS) $(LIBS) -o $@

# 23 implicit rules, 0 (0.0%) terminal.
# Files

# Not a target:
/opt/devkitpro/devkitARM/base_tools:
#  Implicit rule search has been done.
#  Last modified 2020-07-28 04:27:14
#  File has been updated.
#  Successfully updated.

# Not a target:
Makefile:
#  Implicit rule search has been done.
#  Last modified 2022-06-28 22:00:48
#  File has been updated.
#  Successfully updated.

clean:
#  Phony target (prerequisite of .PHONY).
#  Implicit rule search has not been done.
#  File does not exist.
#  File has not been updated.
#  recipe to execute (from 'Makefile', line 169):
	@echo clean ...
	@rm -fr $(BUILD) $(TARGET).elf $(TARGET).nds $(TARGET).arm9

# Not a target:
/opt/devkitpro/devkitARM/base_rules:
#  Implicit rule search has been done.
#  Last modified 2020-07-28 04:27:14
#  File has been updated.
#  Successfully updated.

# Not a target:
.DEFAULT:
#  Implicit rule search has not been done.
#  Modification time never checked.
#  File has not been updated.

# Not a target:
all:
#  Command line target.
#  Implicit rule search has been done.
#  File does not exist.
#  File has not been updated.

build:
#  Phony target (prerequisite of .PHONY).
#  Implicit rule search has not been done.
#  File does not exist.
#  File has not been updated.
#  recipe to execute (from 'Makefile', line 164):
	@[ -d $@ ] || mkdir -p $@
	@make --no-print-directory -C $(BUILD) -f $(CURDIR)/Makefile

.SUFFIXES:
#  Implicit rule search has not been done.
#  Modification time never checked.
#  File has not been updated.

.PHONY: build clean
#  Implicit rule search has not been done.
#  Modification time never checked.
#  File has not been updated.

# files hash-table stats:
# Load=9/1024=1%, Rehash=0, Collisions=0/29=0%
# VPATH Search Paths

# No 'vpath' search paths.

# General ('VPATH' variable) search path:
# /home/RayaCroissant/Downloads/kirikou3/source:/home/RayaCroissant/Downloads/kirikou3/data

# strcache buffers: 1 (0) / strings = 69 / storage = 692 B / avg = 10 B
# current buf: size = 8162 B / used = 692 B / count = 69 / avg = 10 B

# strcache performance: lookups = 108 / hit rate = 36%
# hash-table stats:
 
# Load=69/8192=1%, Rehash=0, Collisions=3/108=3%
# Finished Make data base on Sat Jul 23 13:45:36 2022

 
